  [1m[36mActiveRecord::SchemaMigration Load (0.2ms)[0m  [1mSELECT "schema_migrations".* FROM "schema_migrations"[0m
Migrating to CreateDebates (20160405202020)
  [1m[35m (0.1ms)[0m  begin transaction
  [1m[36m (2.6ms)[0m  [1mCREATE TABLE "debates" ("id" INTEGER PRIMARY KEY AUTOINCREMENT NOT NULL, "topic" varchar, "location" varchar, "time" datetime, "created_at" datetime NOT NULL, "updated_at" datetime NOT NULL) [0m
  [1m[35mSQL (0.2ms)[0m  INSERT INTO "schema_migrations" ("version") VALUES (?)  [["version", "20160405202020"]]
  [1m[36m (2.6ms)[0m  [1mcommit transaction[0m
Migrating to CreateSlots (20160405202150)
  [1m[35m (0.1ms)[0m  begin transaction
  [1m[36m (0.5ms)[0m  [1mCREATE TABLE "slots" ("id" INTEGER PRIMARY KEY AUTOINCREMENT NOT NULL, "slottype" varchar, "status" varchar, "time" datetime, "created_at" datetime NOT NULL, "updated_at" datetime NOT NULL) [0m
  [1m[35mSQL (0.2ms)[0m  INSERT INTO "schema_migrations" ("version") VALUES (?)  [["version", "20160405202150"]]
  [1m[36m (13.8ms)[0m  [1mcommit transaction[0m
Migrating to AddTimeToUser (20160405202354)
  [1m[35m (0.1ms)[0m  begin transaction
  [1m[36m (6.3ms)[0m  [1mALTER TABLE "users" ADD "time" datetime[0m
  [1m[35mSQL (0.2ms)[0m  INSERT INTO "schema_migrations" ("version") VALUES (?)  [["version", "20160405202354"]]
  [1m[36m (8.3ms)[0m  [1mcommit transaction[0m
Migrating to AddColumnToSlot (20160405202455)
  [1m[35m (0.1ms)[0m  begin transaction
  [1m[36m (0.4ms)[0m  [1mALTER TABLE "slots" ADD "user_id" integer[0m
  [1m[35m (0.2ms)[0m  ALTER TABLE "slots" ADD "debate_id" integer
  [1m[36mSQL (0.1ms)[0m  [1mINSERT INTO "schema_migrations" ("version") VALUES (?)[0m  [["version", "20160405202455"]]
  [1m[35m (2.6ms)[0m  commit transaction
  [1m[36mActiveRecord::SchemaMigration Load (0.2ms)[0m  [1mSELECT "schema_migrations".* FROM "schema_migrations"[0m
  [1m[35m (0.1ms)[0m              SELECT sql
            FROM sqlite_master
            WHERE name='index_comments_on_user_id' AND type='index'
            UNION ALL
            SELECT sql
            FROM sqlite_temp_master
            WHERE name='index_comments_on_user_id' AND type='index'

  [1m[36m (0.1ms)[0m  [1m            SELECT sql
            FROM sqlite_master
            WHERE name='index_comments_on_post_id' AND type='index'
            UNION ALL
            SELECT sql
            FROM sqlite_temp_master
            WHERE name='index_comments_on_post_id' AND type='index'
[0m
  [1m[35m (0.1ms)[0m              SELECT sql
            FROM sqlite_master
            WHERE name='index_users_on_reset_password_token' AND type='index'
            UNION ALL
            SELECT sql
            FROM sqlite_temp_master
            WHERE name='index_users_on_reset_password_token' AND type='index'

  [1m[36m (0.1ms)[0m  [1m            SELECT sql
            FROM sqlite_master
            WHERE name='index_users_on_email' AND type='index'
            UNION ALL
            SELECT sql
            FROM sqlite_temp_master
            WHERE name='index_users_on_email' AND type='index'
[0m
